<?xml version="1.0" encoding="UTF-8"?>
<!-- Generated by org.testng.reporters.JUnitXMLReporter -->
<testsuite hostname="lenovo" ignored="0" name="Default test" tests="3" failures="0" timestamp="21 Jun 2021 13:51:07 GMT" time="24.337" errors="0">
  <testcase name="goToNewCustomerTest" time="0.67" classname="com.ibanking.testCases.HomePageTest"/>
  <testcase name="linkTest" time="0.194" classname="com.ibanking.testCases.HomePageTest"/>
  <testcase name="validateManagerIDTest" time="0.054" classname="com.ibanking.testCases.HomePageTest"/>
</testsuite> <!-- Default test -->
