<?xml version="1.0" encoding="UTF-8"?>
<!-- Generated by org.testng.reporters.JUnitXMLReporter -->
<testsuite hostname="Nikhil" ignored="0" name="Default test" tests="3" failures="0" timestamp="26 Jun 2021 09:19:48 GMT" time="27.801" errors="0">
  <testcase name="goToNewCustomerTest" time="0.478" classname="com.ibanking.testCases.HomePageTest"/>
  <testcase name="linkTest" time="0.279" classname="com.ibanking.testCases.HomePageTest"/>
  <testcase name="validateManagerIDTest" time="0.035" classname="com.ibanking.testCases.HomePageTest"/>
</testsuite> <!-- Default test -->
