<?xml version="1.0" encoding="UTF-8"?>
<testng-results skipped="0" failed="0" ignored="0" total="3" passed="3">
  <reporter-output>
  </reporter-output>
  <suite name="Default suite" duration-ms="27801" started-at="2021-06-26T09:19:21Z" finished-at="2021-06-26T09:19:48Z">
    <groups>
    </groups>
    <test name="Default test" duration-ms="27801" started-at="2021-06-26T09:19:21Z" finished-at="2021-06-26T09:19:48Z">
      <class name="com.ibanking.testCases.HomePageTest">
        <test-method status="PASS" signature="setUp()[pri:0, instance:com.ibanking.testCases.HomePageTest@5442a311]" name="setUp" is-config="true" duration-ms="10512" started-at="2021-06-26T09:19:21Z" finished-at="2021-06-26T09:19:31Z">
          <reporter-output>
          </reporter-output>
        </test-method> <!-- setUp -->
        <test-method status="PASS" signature="goToNewCustomerTest()[pri:0, instance:com.ibanking.testCases.HomePageTest@5442a311]" name="goToNewCustomerTest" duration-ms="478" started-at="2021-06-26T09:19:31Z" finished-at="2021-06-26T09:19:32Z">
          <reporter-output>
          </reporter-output>
        </test-method> <!-- goToNewCustomerTest -->
        <test-method status="PASS" signature="tearDown()[pri:0, instance:com.ibanking.testCases.HomePageTest@5442a311]" name="tearDown" is-config="true" duration-ms="815" started-at="2021-06-26T09:19:32Z" finished-at="2021-06-26T09:19:32Z">
          <reporter-output>
          </reporter-output>
        </test-method> <!-- tearDown -->
        <test-method status="PASS" signature="setUp()[pri:0, instance:com.ibanking.testCases.HomePageTest@5442a311]" name="setUp" is-config="true" duration-ms="6979" started-at="2021-06-26T09:19:32Z" finished-at="2021-06-26T09:19:39Z">
          <reporter-output>
          </reporter-output>
        </test-method> <!-- setUp -->
        <test-method status="PASS" signature="linkTest()[pri:0, instance:com.ibanking.testCases.HomePageTest@5442a311]" name="linkTest" duration-ms="279" started-at="2021-06-26T09:19:39Z" finished-at="2021-06-26T09:19:40Z">
          <reporter-output>
          </reporter-output>
        </test-method> <!-- linkTest -->
        <test-method status="PASS" signature="tearDown()[pri:0, instance:com.ibanking.testCases.HomePageTest@5442a311]" name="tearDown" is-config="true" duration-ms="748" started-at="2021-06-26T09:19:40Z" finished-at="2021-06-26T09:19:40Z">
          <reporter-output>
          </reporter-output>
        </test-method> <!-- tearDown -->
        <test-method status="PASS" signature="setUp()[pri:0, instance:com.ibanking.testCases.HomePageTest@5442a311]" name="setUp" is-config="true" duration-ms="6638" started-at="2021-06-26T09:19:40Z" finished-at="2021-06-26T09:19:47Z">
          <reporter-output>
          </reporter-output>
        </test-method> <!-- setUp -->
        <test-method status="PASS" signature="validateManagerIDTest()[pri:0, instance:com.ibanking.testCases.HomePageTest@5442a311]" name="validateManagerIDTest" duration-ms="35" started-at="2021-06-26T09:19:47Z" finished-at="2021-06-26T09:19:47Z">
          <reporter-output>
          </reporter-output>
        </test-method> <!-- validateManagerIDTest -->
        <test-method status="PASS" signature="tearDown()[pri:0, instance:com.ibanking.testCases.HomePageTest@5442a311]" name="tearDown" is-config="true" duration-ms="1269" started-at="2021-06-26T09:19:47Z" finished-at="2021-06-26T09:19:48Z">
          <reporter-output>
          </reporter-output>
        </test-method> <!-- tearDown -->
      </class> <!-- com.ibanking.testCases.HomePageTest -->
    </test> <!-- Default test -->
  </suite> <!-- Default suite -->
</testng-results>
