<?xml version="1.0" encoding="UTF-8"?>
<testng-results skipped="0" failed="0" ignored="0" total="3" passed="3">
  <reporter-output>
  </reporter-output>
  <suite name="Default suite" duration-ms="24337" started-at="2021-06-21T13:50:42Z" finished-at="2021-06-21T13:51:07Z">
    <groups>
    </groups>
    <test name="Default test" duration-ms="24337" started-at="2021-06-21T13:50:42Z" finished-at="2021-06-21T13:51:07Z">
      <class name="com.ibanking.testCases.HomePageTest">
        <test-method status="PASS" signature="setUp()[pri:0, instance:com.ibanking.testCases.HomePageTest@39c0f4a]" name="setUp" is-config="true" duration-ms="8138" started-at="2021-06-21T13:50:42Z" finished-at="2021-06-21T13:50:50Z">
          <reporter-output>
          </reporter-output>
        </test-method> <!-- setUp -->
        <test-method status="PASS" signature="goToNewCustomerTest()[pri:0, instance:com.ibanking.testCases.HomePageTest@39c0f4a]" name="goToNewCustomerTest" duration-ms="670" started-at="2021-06-21T13:50:50Z" finished-at="2021-06-21T13:50:51Z">
          <reporter-output>
          </reporter-output>
        </test-method> <!-- goToNewCustomerTest -->
        <test-method status="PASS" signature="tearDown()[pri:0, instance:com.ibanking.testCases.HomePageTest@39c0f4a]" name="tearDown" is-config="true" duration-ms="0" started-at="2021-06-21T13:50:51Z" finished-at="2021-06-21T13:50:51Z">
          <reporter-output>
          </reporter-output>
        </test-method> <!-- tearDown -->
        <test-method status="PASS" signature="setUp()[pri:0, instance:com.ibanking.testCases.HomePageTest@39c0f4a]" name="setUp" is-config="true" duration-ms="8105" started-at="2021-06-21T13:50:51Z" finished-at="2021-06-21T13:50:59Z">
          <reporter-output>
          </reporter-output>
        </test-method> <!-- setUp -->
        <test-method status="PASS" signature="linkTest()[pri:0, instance:com.ibanking.testCases.HomePageTest@39c0f4a]" name="linkTest" duration-ms="194" started-at="2021-06-21T13:50:59Z" finished-at="2021-06-21T13:50:59Z">
          <reporter-output>
          </reporter-output>
        </test-method> <!-- linkTest -->
        <test-method status="PASS" signature="tearDown()[pri:0, instance:com.ibanking.testCases.HomePageTest@39c0f4a]" name="tearDown" is-config="true" duration-ms="0" started-at="2021-06-21T13:50:59Z" finished-at="2021-06-21T13:50:59Z">
          <reporter-output>
          </reporter-output>
        </test-method> <!-- tearDown -->
        <test-method status="PASS" signature="setUp()[pri:0, instance:com.ibanking.testCases.HomePageTest@39c0f4a]" name="setUp" is-config="true" duration-ms="7121" started-at="2021-06-21T13:50:59Z" finished-at="2021-06-21T13:51:07Z">
          <reporter-output>
          </reporter-output>
        </test-method> <!-- setUp -->
        <test-method status="PASS" signature="validateManagerIDTest()[pri:0, instance:com.ibanking.testCases.HomePageTest@39c0f4a]" name="validateManagerIDTest" duration-ms="54" started-at="2021-06-21T13:51:07Z" finished-at="2021-06-21T13:51:07Z">
          <reporter-output>
          </reporter-output>
        </test-method> <!-- validateManagerIDTest -->
        <test-method status="PASS" signature="tearDown()[pri:0, instance:com.ibanking.testCases.HomePageTest@39c0f4a]" name="tearDown" is-config="true" duration-ms="1" started-at="2021-06-21T13:51:07Z" finished-at="2021-06-21T13:51:07Z">
          <reporter-output>
          </reporter-output>
        </test-method> <!-- tearDown -->
      </class> <!-- com.ibanking.testCases.HomePageTest -->
    </test> <!-- Default test -->
  </suite> <!-- Default suite -->
</testng-results>
